<?xml version="1.0" encoding="UTF-8"?>
<testng-results skipped="0" failed="0" ignored="0" total="1" passed="1">
  <reporter-output>
  </reporter-output>
  <suite name="Default suite" duration-ms="29816" started-at="2022-08-20T15:02:44 IST" finished-at="2022-08-20T15:03:14 IST">
    <groups>
    </groups>
    <test name="Default test" duration-ms="29816" started-at="2022-08-20T15:02:44 IST" finished-at="2022-08-20T15:03:14 IST">
      <class name="TestScrpit.Testcase1">
        <test-method status="PASS" signature="OpenApp()[pri:0, instance:TestScrpit.Testcase1@6f195bc3]" name="OpenApp" is-config="true" duration-ms="12119" started-at="2022-08-20T15:02:44 IST" finished-at="2022-08-20T15:02:56 IST">
          <reporter-output>
          </reporter-output>
        </test-method> <!-- OpenApp -->
        <test-method status="PASS" signature="test1()[pri:0, instance:TestScrpit.Testcase1@6f195bc3]" name="test1" duration-ms="14501" started-at="2022-08-20T15:02:56 IST" finished-at="2022-08-20T15:03:11 IST">
          <reporter-output>
          </reporter-output>
        </test-method> <!-- test1 -->
        <test-method status="PASS" signature="CloseApp()[pri:0, instance:TestScrpit.Testcase1@6f195bc3]" name="CloseApp" is-config="true" duration-ms="3145" started-at="2022-08-20T15:03:11 IST" finished-at="2022-08-20T15:03:14 IST">
          <reporter-output>
          </reporter-output>
        </test-method> <!-- CloseApp -->
      </class> <!-- TestScrpit.Testcase1 -->
    </test> <!-- Default test -->
  </suite> <!-- Default suite -->
</testng-results>
